<?xml version="1.0" encoding="UTF-8"?>
<robot generator="Robot 5.0.1 (Python 3.10.6 on darwin)" generated="20240403 17:26:35.719" rpa="false" schemaversion="3">
<suite id="s1" name="Test" source="/Users/tony/PycharmProjects/pythonProject2/pythonProject3/test.robot">
<test id="s1-t1" name="Test1" line="5">
<kw name="Open Browser" library="SeleniumLibrary">
<arg>https://www.google.com/</arg>
<arg>firefox</arg>
<doc>Opens a new browser instance to the optional ``url``.</doc>
<msg timestamp="20240403 17:26:35.792" level="INFO">Opening browser 'firefox' to base url 'https://www.google.com/'.</msg>
<msg timestamp="20240403 17:26:35.792" level="INFO">Firefox driver log is always forced to to: /Users/tony/PycharmProjects/pythonProject2/pythonProject3/results/geckodriver-1.log</msg>
<msg timestamp="20240403 17:26:36.819" level="INFO">Cannot capture screenshot because no browser is open.</msg>
<msg timestamp="20240403 17:26:36.820" level="FAIL">SessionNotCreatedException: Message: Expected browser binary location, but unable to find binary in default location, no 'moz:firefoxOptions.binary' capability provided, and no binary flag set on the command line
</msg>
<status status="FAIL" starttime="20240403 17:26:35.792" endtime="20240403 17:26:36.822"/>
</kw>
<status status="FAIL" starttime="20240403 17:26:35.791" endtime="20240403 17:26:36.823">SessionNotCreatedException: Message: Expected browser binary location, but unable to find binary in default location, no 'moz:firefoxOptions.binary' capability provided, and no binary flag set on the command line
</status>
</test>
<status status="FAIL" starttime="20240403 17:26:35.720" endtime="20240403 17:26:36.823"/>
</suite>
<statistics>
<total>
<stat pass="0" fail="1" skip="0">All Tests</stat>
</total>
<tag>
</tag>
<suite>
<stat pass="0" fail="1" skip="0" id="s1" name="Test">Test</stat>
</suite>
</statistics>
<errors>
</errors>
</robot>
